<?xml version="1.0" encoding="UTF-8"?>
<testng-results ignored="0" total="1" passed="1" failed="0" skipped="0">
  <reporter-output>
  </reporter-output>
  <suite started-at="2025-05-14T22:33:42 IST" name="Default suite" finished-at="2025-05-14T22:33:53 IST" duration-ms="11087">
    <groups>
    </groups>
    <test started-at="2025-05-14T22:33:42 IST" name="Default test" finished-at="2025-05-14T22:33:53 IST" duration-ms="11087">
      <class name="WebAutomationSampleProject.TC_01_Verfiy_Login_Page">
        <test-method is-config="true" signature="initialization()[pri:0, instance:WebAutomationSampleProject.TC_01_Verfiy_Login_Page@79dc5318]" started-at="2025-05-14T22:33:42 IST" name="initialization" finished-at="2025-05-14T22:33:49 IST" duration-ms="7091" status="PASS">
          <reporter-output>
          </reporter-output>
        </test-method> <!-- initialization -->
        <test-method is-config="true" signature="setup()[pri:0, instance:WebAutomationSampleProject.TC_01_Verfiy_Login_Page@79dc5318]" started-at="2025-05-14T22:33:49 IST" name="setup" finished-at="2025-05-14T22:33:49 IST" duration-ms="22" status="PASS">
          <reporter-output>
          </reporter-output>
        </test-method> <!-- setup -->
        <test-method signature="TC_Verify_MakeMyTrip_PageTitle()[pri:0, instance:WebAutomationSampleProject.TC_01_Verfiy_Login_Page@79dc5318]" started-at="2025-05-14T22:33:49 IST" name="TC_Verify_MakeMyTrip_PageTitle" finished-at="2025-05-14T22:33:53 IST" duration-ms="3917" status="PASS">
          <reporter-output>
          </reporter-output>
        </test-method> <!-- TC_Verify_MakeMyTrip_PageTitle -->
      </class> <!-- WebAutomationSampleProject.TC_01_Verfiy_Login_Page -->
    </test> <!-- Default test -->
  </suite> <!-- Default suite -->
</testng-results>
