<?xml version="1.0" encoding="UTF-8"?>
<!-- Generated by org.testng.reporters.JUnitReportReporter -->
<testsuite hostname="LAPTOP-SDRV58DH" failures="0" tests="1" name="WebAutomationSampleProject.TC_01_Verfiy_Login_Page" time="3.939" errors="0" timestamp="2025-05-14T22:33:53 IST" skipped="0">
  <testcase classname="WebAutomationSampleProject.TC_01_Verfiy_Login_Page" name="TC_Verify_MakeMyTrip_PageTitle" time="3.939"/>
  <system-out/>
</testsuite> <!-- WebAutomationSampleProject.TC_01_Verfiy_Login_Page -->
